------ IPMsg ver4.99r5(x64) -----
 Date        : 2022/12/25 14:21:14
 Start       : 2022/12/25 14:11:30
 OS Infos    : 0a/00/4a63/00/00/100
 Mod Addr    : 0000000140000000
 Code/Adr/DC : C0000005 / 0000000000000000 / 00007FFF3DA5F4A6
 AX/BX/CX/DX : 00000000026D68A0 / 00000000026D68A0 / 00000000026A6CC0 / 0000000000008083
 SI/DI/BP/SP : 0000000000000000 / 0000000000000000 / 0000000000000000 / 000000000586FC78
 08/09/10/11 : 000000000000000B / 0000000000000020 / 0000000000000000 / 0000000000000246
 12/13/14/15 : 0000000000000000 / 0000000000000000 / 00000000026A6CC0 / 0000000140076380
 BT/BF/ET/EF : 0000000000000000 / 0000000000000000 / 0000000000000000 / 0000000000000000
------- pre stack info -----
0000000000000000 000000000298E050 0000000000000ED0 0000000000000000
00007FFF40A916F7 0000000000000000 0000000000000000 0000000000000000
0000000000000000 000000000586FCB0 000000000586FBF0 00000000026A6CC0
0000000000000000 0000000000000000 0000000000000000 0000000000000000
0000000100000001 0000000000008070 0000000000000ED0 0000000000000000
00000000026D68A0 000000000586FC60 0000000000000000 0000000140076380
0000000000000000 0000000000000000 0000000000000000 000000000B96BC30
0000000000488540 00000264E8532A66 0000000000000000 00000000026D68A0
------- stack info -----
0000000140075FF7 0000000000000ED1 00000000026D68A0 0000000000000000
0000000000000001 000000000586FCB0 0000000000000000 0000000000000001
0000000000000000 0000000000000001 0000000000000ED0 0000000000060009
00000000000000FF 000000000290E110 0000000000000000 0000000000000000
0000000000000000 0000000000000000 0000000000182F40 0000000000000000
0000000000180000 0000000000180394 0000000000000000 00000000000003D0
0000000000180CC0 0000000000000000 0000000000000008 0000000000000000
00000000000003D0 00000000000003C8 0000000000000020 0000000000480000
000000000586FE39 000000000000003D 00007FFF40B5B3C7 0000000000180000
0000000000000000 00000000000003C8 0000000000000008 0000000000000000
0000000000000000 0000000200000000 0000000000000000 0000000000000000
0000000000000000 0000000000000000 0000000000000000 0000000000000000
0000000000000000 0000000000000000 0000000140184EB8 0000000000000000
0000000000000000 0000000000000000 0000000000000000 000000000586FEB0
0000000140184C06 000000000586FE90 0000000000000000 000000000586FE90
0000000000000000 000000000297C430 0000000140184D3B 0000000000000000
00007FFF40B807B0 0000000000000000 000000000586FE90 0000000400000004
000000000297C430 00000001402009D0 000000000586FE98 0000F00FCA178C7B
000000000586FEA0 0000000000000000 0000000140184F77 00000264E8532EF6
0000000000000000 0000000000000000 0000000000000000 0000000000000000
000000014017C4AC 00000000029165C0 00000000029165C0 0000000000000000
0000000000000000 0000000000000000 00007FFF3FE87034 0000000000000000
0000000000000000 0000000000000000 0000000000000000 0000000000000000
00007FFF40B82651 0000000000000000 0000000000000000 0000000000000000
---- reg point info ----
    30382e35 303a504f 52543a33 3a393739 3a4e434b 3a363a7e bf2b5be0 e9150500
Rax f084960b 00000000 c06c6a02 00000000 00000000 00000000 00000000 00000000
    00000000 00000000 00000000 00000000 ffffffff 00000000 00000000 00000000

    30382e35 303a504f 52543a33 3a393739 3a4e434b 3a363a7e bf2b5be0 e9150500
Rbx f084960b 00000000 c06c6a02 00000000 00000000 00000000 00000000 00000000
    00000000 00000000 00000000 00000000 ffffffff 00000000 00000000 00000000

    00000000 00000000 00000000 00000000 00000000 00000000 692a5b37 e9150200
Rcx a0686d02 00000000 205c6e02 00000000 00000000 00000000 166f6260 383a3633
    18040000 7a010000 0a060000 fc020000 00000000 00000000 f2010000 82010000

    40854800 00000000 662a53e8 64020000 00000000 00000000 a0686d02 00000000
Rsp f75f0740 01000000 d10e0000 00000000 a0686d02 00000000 00000000 00000000
    01000000 00000000 b0fc8605 00000000 00000000 00000000 01000000 00000000

    00000000 00000000 00000000 00000000 00000000 00000000 692a5b37 e9150200
R14 a0686d02 00000000 205c6e02 00000000 00000000 00000000 166f6260 383a3633
    18040000 7a010000 0a060000 fc020000 00000000 00000000 f2010000 82010000

    4833cce8 a8a70f00 4881c450 02000041 5e5f5e5d 5bc3cccc cccccccc cccccccc
R15 48895c24 10574881 ec600400 00488b05 7cac1700 4833c448 89842450 04000048
    8bd9488b 89000b00 008b81ec 00000085 c0740983 f8050f85 41040000 83b9c000
---- dump info ----
